c:\users\esucpsc\desktop\calculator\debug\vc140.pdb
c:\users\esucpsc\desktop\calculator\debug\main.obj
c:\users\esucpsc\desktop\calculator\debug\dfatable.obj
c:\users\esucpsc\desktop\calculator\debug\dfastate.obj
c:\users\esucpsc\desktop\calculator\debug\dfaedge.obj
c:\users\esucpsc\desktop\calculator\debug\.netframework,version=v4.5.2.assemblyattributes.obj
c:\users\esucpsc\desktop\calculator\debug\.netframework,version=v4.5.2.assemblyattributes.asm
c:\users\esucpsc\desktop\calculator\debug\calculator.exe
c:\users\esucpsc\desktop\calculator\debug\calculator.pdb
d:\projects\theory of computation\project code\calculator\debug\calculator.vcxprojresolveassemblyreference.cache
d:\projects\theory of computation\project code\calculator\debug\.netframework,version=v4.5.2.assemblyattributes.obj
d:\projects\theory of computation\project code\calculator\debug\dfaedge.obj
d:\projects\theory of computation\project code\calculator\debug\dfastate.obj
d:\projects\theory of computation\project code\calculator\debug\dfatable.obj
d:\projects\theory of computation\project code\calculator\debug\main.obj
d:\projects\theory of computation\project code\calculator\debug\calculator.pdb
d:\projects\theory of computation\project code\calculator\debug\vc140.pdb
d:\projects\theory of computation\project code\calculator\debug\calculator.exe.metagen
d:\projects\theory of computation\project code\calculator\debug\calculator.exe
d:\projects\theory of computation\project code\calculator\debug\calculator.tlog\cl.command.1.tlog
d:\projects\theory of computation\project code\calculator\debug\calculator.tlog\cl.read.1.tlog
d:\projects\theory of computation\project code\calculator\debug\calculator.tlog\cl.write.1.tlog
d:\projects\theory of computation\project code\calculator\debug\calculator.tlog\link.command.1.tlog
d:\projects\theory of computation\project code\calculator\debug\calculator.tlog\link.read.1.tlog
d:\projects\theory of computation\project code\calculator\debug\calculator.tlog\link.write.1.tlog
d:\projects\theory of computation\project code\calculator\debug\calculator.tlog\metagen.read.1.tlog
d:\projects\theory of computation\project code\calculator\debug\calculator.tlog\metagen.write.1.tlog
d:\projects\theory of computation\project code\calculator\debug\calculator.tlog\rsaenh.dll.bi
d:\projects\theory of computation\project code\calculator\debug\calculator.tlog\tzres.dll.bi
